<?xml version="1.0" encoding="UTF-8"?>
<testsuites>
  <testsuite id="0" name="/home/devamshi/Desktop/Project/Kickoffs-learningapp-easy/ReactJS/src/App.test.js" errors="0" package="/home/devamshi/Desktop/Project/Kickoffs-learningapp-easy/ReactJS/src/App.test.js" hostname="localhost" tests="5" failures="0" time="0.855" timestamp="2023-12-07T06:26:39">
    <properties>
    </properties>
    <testcase classname="App component" name="routes check" time="0">
    </testcase>
    <testcase classname="App component" name="data map check" time="0">
    </testcase>
    <testcase classname="App component" name="Add rating Check" time="0">
    </testcase>
    <testcase classname="App component" name="Apply check" time="0">
    </testcase>
    <testcase classname="App component" name="drop rating Check" time="0">
    </testcase>
    <system-out/>
    <system-err/>
  </testsuite>
</testsuites>